<?xml version="1.0"?>
<!DOCTYPE module PUBLIC
		"-//Checkstyle//DTD Checkstyle Configuration 1.3//EN"
		"https://checkstyle.org/dtds/configuration_1_3.dtd">
<module name="com.puppycrawl.tools.checkstyle.Checker">
	<module name="com.puppycrawl.tools.checkstyle.TreeWalker">
		<module name="io.github.jcohy.gradle.checkstyle.check.SpringJUnit5Check">
			<property name="unlessImports" value="com.example.OptOutRunner"/>
		</module>
	</module>
</module>
