<?xml version="1.0"?>
<!DOCTYPE module PUBLIC
		"-//Checkstyle//DTD Checkstyle Configuration 1.3//EN"
		"https://checkstyle.org/dtds/configuration_1_3.dtd">
<module name="com.puppycrawl.tools.checkstyle.Checker">
	<module name="com.puppycrawl.tools.checkstyle.TreeWalker">
		<module name="com.jcohy.checkstyle.check.SpringJUnit5Check">
		</module>
 	</module>
</module>
